0 verbose cli [ '/usr/bin/node', '/usr/bin/npm', 'intall', '-g', 'n' ]
1 info using npm@8.5.1
2 info using node@v12.22.9
3 timing npm:load:whichnode Completed in 1ms
4 timing config:load:defaults Completed in 14ms
5 timing config:load:file:/usr/share/nodejs/npm/npmrc Completed in 25ms
6 timing config:load:builtin Completed in 27ms
7 timing config:load:cli Completed in 18ms
8 timing config:load:env Completed in 3ms
9 timing config:load:project Completed in 12ms
10 timing config:load:file:/home/nightmare/.npmrc Completed in 3ms
11 timing config:load:user Completed in 4ms
12 timing config:load:file:/etc/npmrc Completed in 1ms
13 timing config:load:global Completed in 3ms
14 timing config:load:validate Completed in 2ms
15 timing config:load:credentials Completed in 13ms
16 timing config:load:setEnvs Completed in 14ms
17 timing config:load Completed in 114ms
18 timing npm:load:configload Completed in 116ms
19 timing npm:load:setTitle Completed in 9ms
20 timing config:load:flatten Completed in 38ms
21 timing npm:load:display Completed in 62ms
22 verbose logfile /home/nightmare/.npm/_logs/2023-06-22T04_16_52_645Z-debug-0.log
23 timing npm:load:logFile Completed in 64ms
24 timing npm:load:timers Completed in 1ms
25 timing npm:load:configScope Completed in 0ms
26 timing npm:load Completed in 263ms
27 verbose exit 0
28 timing npm Completed in 3052ms
29 verbose code 1
