2023-06-28 00:32:52.430 [info] Extension host with pid 7945 started
2023-06-28 00:32:53.360 [info] ExtensionService#_doActivateExtension vscode.html-language-features, startup: false, activationEvent: 'onLanguage:html'
2023-06-28 00:32:53.378 [info] ExtensionService#_doActivateExtension vscode.emmet, startup: false, activationEvent: 'onLanguage'
2023-06-28 00:32:55.089 [info] ExtensionService#_doActivateExtension vscode.git-base, startup: true, activationEvent: '*', root cause: vscode.git
2023-06-28 00:32:55.209 [info] Lock '/home/nightmare/.vscode-server/data/User/workspaceStorage/c81e038d1ec119afc6c7b3389e69115f/vscode.lock': Lock acquired.
2023-06-28 00:32:55.858 [info] ExtensionService#_doActivateExtension vscode.git, startup: true, activationEvent: '*'
2023-06-28 00:32:55.860 [info] ExtensionService#_doActivateExtension vscode.github, startup: true, activationEvent: '*'
2023-06-28 00:32:56.999 [info] Eager extensions activated
2023-06-28 00:32:57.002 [info] ExtensionService#_doActivateExtension vscode.debug-auto-launch, startup: false, activationEvent: 'onStartupFinished'
2023-06-28 00:32:57.012 [info] ExtensionService#_doActivateExtension vscode.merge-conflict, startup: false, activationEvent: 'onStartupFinished'
2023-06-28 00:32:59.419 [warning] [Decorations] CAPPING events from decorations provider vscode.git 1340
2023-06-28 00:33:02.312 [warning] [Decorations] CAPPING events from decorations provider vscode.git 1340
2023-06-28 00:33:08.174 [warning] [Decorations] CAPPING events from decorations provider vscode.git 1340
2023-06-28 00:33:13.390 [warning] [Decorations] CAPPING events from decorations provider vscode.git 1340
2023-06-28 00:33:43.018 [warning] [Decorations] CAPPING events from decorations provider vscode.git 1340
2023-06-28 00:33:48.240 [warning] [Decorations] CAPPING events from decorations provider vscode.git 1340
2023-06-28 00:33:56.813 [warning] [Decorations] CAPPING events from decorations provider vscode.git 1340
2023-06-28 00:34:02.041 [warning] [Decorations] CAPPING events from decorations provider vscode.git 1340
2023-06-28 00:34:07.368 [warning] [Decorations] CAPPING events from decorations provider vscode.git 1340
2023-06-28 00:34:12.573 [warning] [Decorations] CAPPING events from decorations provider vscode.git 1340
2023-06-28 00:34:24.618 [warning] [Decorations] CAPPING events from decorations provider vscode.git 1340
2023-06-28 00:34:30.268 [warning] [Decorations] CAPPING events from decorations provider vscode.git 1340
