2023-06-28 00:32:57.342 [info] Log level: Info
2023-06-28 00:32:57.343 [info] Validating found git in: "git"
2023-06-28 00:32:57.343 [info] Using git "2.34.1" from "git"
2023-06-28 00:32:57.343 [info] > git rev-parse --show-toplevel [272ms]
2023-06-28 00:32:57.721 [info] > git rev-parse --git-dir --git-common-dir [411ms]
2023-06-28 00:32:57.786 [info] Open repository: /home/nightmare
2023-06-28 00:32:57.950 [info] > git rev-parse --show-toplevel [104ms]
2023-06-28 00:32:58.001 [info] > git config --get commit.template [101ms]
2023-06-28 00:32:58.007 [info] > git rev-parse --show-toplevel [30ms]
2023-06-28 00:32:58.145 [info] > git for-each-ref --format=%(refname)%00%(upstream:short)%00%(objectname)%00%(upstream:track)%00%(upstream:remotename)%00%(upstream:remoteref) refs/heads/master refs/remotes/master [74ms]
2023-06-28 00:32:58.185 [info] > git rev-parse --show-toplevel [143ms]
2023-06-28 00:32:58.235 [info] > git rev-parse --show-toplevel [21ms]
2023-06-28 00:32:58.492 [info] > git check-ignore -v -z --stdin [25ms]
2023-06-28 00:32:58.660 [info] > git show --textconv :web.html [52ms]
2023-06-28 00:32:58.682 [info] > git ls-files --stage -- /home/nightmare/web.html [35ms]
2023-06-28 00:32:58.764 [info] > git cat-file -s cab5ca27a8c72f57aa2076ec8e974f629c8de761 [35ms]
2023-06-28 00:32:59.254 [info] > git status -z -uall [1073ms]
2023-06-28 00:33:01.862 [info] > git config --get commit.template [191ms]
2023-06-28 00:33:01.971 [info] > git for-each-ref --format=%(refname)%00%(upstream:short)%00%(objectname)%00%(upstream:track)%00%(upstream:remotename)%00%(upstream:remoteref) refs/heads/master refs/remotes/master [69ms]
2023-06-28 00:33:02.128 [info] > git status -z -uall [132ms]
2023-06-28 00:33:07.999 [info] > git config --get commit.template [8ms]
2023-06-28 00:33:08.020 [info] > git for-each-ref --format=%(refname)%00%(upstream:short)%00%(objectname)%00%(upstream:track)%00%(upstream:remotename)%00%(upstream:remoteref) refs/heads/master refs/remotes/master [3ms]
2023-06-28 00:33:08.087 [info] > git status -z -uall [45ms]
2023-06-28 00:33:13.249 [info] > git config --get commit.template [21ms]
2023-06-28 00:33:13.252 [info] > git for-each-ref --format=%(refname)%00%(upstream:short)%00%(objectname)%00%(upstream:track)%00%(upstream:remotename)%00%(upstream:remoteref) refs/heads/master refs/remotes/master [7ms]
2023-06-28 00:33:13.327 [info] > git status -z -uall [61ms]
2023-06-28 00:33:42.736 [info] > git config --get commit.template [66ms]
2023-06-28 00:33:42.740 [info] > git for-each-ref --format=%(refname)%00%(upstream:short)%00%(objectname)%00%(upstream:track)%00%(upstream:remotename)%00%(upstream:remoteref) refs/heads/master refs/remotes/master [24ms]
2023-06-28 00:33:42.912 [info] > git status -z -uall [71ms]
2023-06-28 00:33:48.079 [info] > git config --get commit.template [4ms]
2023-06-28 00:33:48.099 [info] > git for-each-ref --format=%(refname)%00%(upstream:short)%00%(objectname)%00%(upstream:track)%00%(upstream:remotename)%00%(upstream:remoteref) refs/heads/master refs/remotes/master [3ms]
2023-06-28 00:33:48.177 [info] > git status -z -uall [59ms]
2023-06-28 00:33:56.486 [info] > git config --get commit.template [50ms]
2023-06-28 00:33:56.633 [info] > git for-each-ref --format=%(refname)%00%(upstream:short)%00%(objectname)%00%(upstream:track)%00%(upstream:remotename)%00%(upstream:remoteref) refs/heads/master refs/remotes/master [152ms]
2023-06-28 00:33:56.711 [info] > git status -z -uall [58ms]
2023-06-28 00:34:01.897 [info] > git config --get commit.template [25ms]
2023-06-28 00:34:01.899 [info] > git for-each-ref --format=%(refname)%00%(upstream:short)%00%(objectname)%00%(upstream:track)%00%(upstream:remotename)%00%(upstream:remoteref) refs/heads/master refs/remotes/master [8ms]
2023-06-28 00:34:01.979 [info] > git status -z -uall [59ms]
2023-06-28 00:34:07.132 [info] > git config --get commit.template [34ms]
2023-06-28 00:34:07.147 [info] > git for-each-ref --format=%(refname)%00%(upstream:short)%00%(objectname)%00%(upstream:track)%00%(upstream:remotename)%00%(upstream:remoteref) refs/heads/master refs/remotes/master [27ms]
2023-06-28 00:34:07.246 [info] > git status -z -uall [75ms]
2023-06-28 00:34:12.435 [info] > git config --get commit.template [4ms]
2023-06-28 00:34:12.455 [info] > git for-each-ref --format=%(refname)%00%(upstream:short)%00%(objectname)%00%(upstream:track)%00%(upstream:remotename)%00%(upstream:remoteref) refs/heads/master refs/remotes/master [3ms]
2023-06-28 00:34:12.527 [info] > git status -z -uall [56ms]
2023-06-28 00:34:24.024 [info] > git config --get commit.template [59ms]
2023-06-28 00:34:24.038 [info] > git for-each-ref --format=%(refname)%00%(upstream:short)%00%(objectname)%00%(upstream:track)%00%(upstream:remotename)%00%(upstream:remoteref) refs/heads/master refs/remotes/master [20ms]
2023-06-28 00:34:24.288 [info] > git status -z -uall [170ms]
2023-06-28 00:34:29.804 [info] > git config --get commit.template [69ms]
2023-06-28 00:34:29.818 [info] > git for-each-ref --format=%(refname)%00%(upstream:short)%00%(objectname)%00%(upstream:track)%00%(upstream:remotename)%00%(upstream:remoteref) refs/heads/master refs/remotes/master [20ms]
2023-06-28 00:34:30.084 [info] > git status -z -uall [204ms]
